<?xml version="1.0" encoding="UTF-8"?>
<!-- Generated by org.testng.reporters.JUnitReportReporter -->
<testsuite hostname="DESKTOP-FHM8NK9" failures="0" tests="1" name="com.saucedemo.TestPack.TC03_VerifyProductAddTOCart" time="42.247" errors="0" timestamp="2024-02-21T22:39:29 IST" skipped="0">
  <testcase classname="com.saucedemo.TestPack.TC03_VerifyProductAddTOCart" name="VerifyProductAddTOCart" time="42.247"/>
  <system-out/>
</testsuite> <!-- com.saucedemo.TestPack.TC03_VerifyProductAddTOCart -->
