<?xml version="1.0" encoding="UTF-8"?>
<!-- Generated by org.testng.reporters.JUnitReportReporter -->
<testsuite hostname="DESKTOP-FHM8NK9" failures="0" tests="1" name="com.saucedemo.TestPack.TC05_VerifyEndToEndFuntionality" time="54.268" errors="0" timestamp="2024-02-22T16:09:34 IST" skipped="0">
  <testcase classname="com.saucedemo.TestPack.TC05_VerifyEndToEndFuntionality" name="VerifyEndToEndFuntionality" time="54.268"/>
  <system-out/>
</testsuite> <!-- com.saucedemo.TestPack.TC05_VerifyEndToEndFuntionality -->
