<?xml version="1.0" encoding="UTF-8"?>
<!-- Generated by org.testng.reporters.JUnitReportReporter -->
<testsuite hostname="DESKTOP-FHM8NK9" failures="0" tests="1" name="com.saucedemo.TestPack.TpClass" time="5.664" errors="0" timestamp="2024-02-22T16:04:14 IST" skipped="0">
  <testcase classname="com.saucedemo.TestPack.TpClass" name="googletest" time="5.664"/>
  <system-out/>
</testsuite> <!-- com.saucedemo.TestPack.TpClass -->
