<?xml version="1.0" encoding="UTF-8"?>
<!-- Generated by org.testng.reporters.JUnitReportReporter -->
<testsuite hostname="DESKTOP-FHM8NK9" failures="0" tests="1" name="com.saucedemo.TestPack.TC08_VerifyLogoutFunctionality" time="31.879" errors="0" timestamp="2024-02-19T13:31:22 IST" skipped="0">
  <testcase classname="com.saucedemo.TestPack.TC08_VerifyLogoutFunctionality" name="verifyLogoutFunctionality" time="31.879"/>
  <system-out/>
</testsuite> <!-- com.saucedemo.TestPack.TC08_VerifyLogoutFunctionality -->
